<?xml version="1.0" encoding="UTF-8"?>
<testsuite name="TestFeatures" tests="24" skipped="0" failures="0" errors="0" timestamp="2022-03-11T15:03:16" hostname="Bartoszs-MacBook-Pro.local" time="1.712">
  <properties/>
  <testcase name="SimpleHeadToSimpleGetTest()" classname="TestFeatures" time="0.47"/>
  <testcase name="SimpleHeadToHeadRequestTest()" classname="TestFeatures" time="0.062"/>
  <testcase name="SimpleGetTest()" classname="TestFeatures" time="0.057"/>
  <testcase name="GIFImageSendTest()" classname="TestFeatures" time="0.073"/>
  <testcase name="TextResponseTest()" classname="TestFeatures" time="0.083"/>
  <testcase name="retrieveAllTasksTest()" classname="TestFeatures" time="0.061"/>
  <testcase name="SimpleGetWithBodyTest()" classname="TestFeatures" time="0.113"/>
  <testcase name="SimpleRedirectTest()" classname="TestFeatures" time="0.068"/>
  <testcase name="XMLResponseTest()" classname="TestFeatures" time="0.038"/>
  <testcase name="MethodNotAllowedTest()" classname="TestFeatures" time="0.022"/>
  <testcase name="HTMLResponseTest()" classname="TestFeatures" time="0.023"/>
  <testcase name="JSONResponseTest()" classname="TestFeatures" time="0.02"/>
  <testcase name="updateTaskTest()" classname="TestFeatures" time="0.049"/>
  <testcase name="createTaskTest()" classname="TestFeatures" time="0.028"/>
  <testcase name="SimpleOptionsToMethodOptions2Test()" classname="TestFeatures" time="0.022"/>
  <testcase name="SimplePostTest()" classname="TestFeatures" time="0.02"/>
  <testcase name="HealthCheckTest()" classname="TestFeatures" time="0.034"/>
  <testcase name="ResourceNotFoundTest()" classname="TestFeatures" time="0.021"/>
  <testcase name="SimpleOptionsToMethodOptionsTest()" classname="TestFeatures" time="0.072"/>
  <testcase name="PNGImageSendTest()" classname="TestFeatures" time="0.048"/>
  <testcase name="retrieveTaskTest()" classname="TestFeatures" time="0.029"/>
  <testcase name="deleteTaskTest()" classname="TestFeatures" time="0.059"/>
  <testcase name="JPEGImageSendTest()" classname="TestFeatures" time="0.189"/>
  <testcase name="persistenceTest()" classname="TestFeatures" time="0.036"/>
  <system-out><![CDATA[{"task":"seed task info", "done": "false"}
looking at data
Data read
HEAD /simple_get HTTP/1.1

REQUEST StringHEAD /simple_get HTTP/1.1

REQUEST ARRAY[Ljava.lang.String;@6853425f
HEAD /simple_get HTTP/1.1
No Body Identified
Simple Head Identified
{"task":"seed task info", "done": "false"}
looking at data
Data read
HEAD /head_request HTTP/1.1

REQUEST StringHEAD /head_request HTTP/1.1

REQUEST ARRAY[Ljava.lang.String;@56c4278e
HEAD /head_request HTTP/1.1
No Body Identified
Simple Head Identified
{"task":"seed task info", "done": "false"}
looking at data
Data read
GET /simple_get HTTP/1.1

REQUEST StringGET /simple_get HTTP/1.1

REQUEST ARRAY[Ljava.lang.String;@341814d3
GET /simple_get HTTP/1.1
No Body Identified
Simple Get Identified
{"task":"seed task info", "done": "false"}
looking at data
Data read
GET /kisses.gif HTTP/1.1

REQUEST StringGET /kisses.gif HTTP/1.1

REQUEST ARRAY[Ljava.lang.String;@1bd39d3c
GET /kisses.gif HTTP/1.1
No Body Identified
{"task":"seed task info", "done": "false"}
looking at data
Data read
GET /text_response HTTP/1.1

REQUEST StringGET /text_response HTTP/1.1

REQUEST ARRAY[Ljava.lang.String;@768fc0f2
GET /text_response HTTP/1.1
No Body Identified
{"task":"seed task info", "done": "false"}
looking at data
Data read
GET /todos HTTP/1.1

REQUEST StringGET /todos HTTP/1.1

REQUEST ARRAY[Ljava.lang.String;@5454d35e
GET /todos HTTP/1.1
No Body Identified
looking at data
Data read
GET /simple_get_with_body HTTP/1.1
Content-Length: 11

Hello World
REQUEST StringGET /simple_get_with_body HTTP/1.1
Content-Length: 11

Hello World
REQUEST ARRAY[Ljava.lang.String;@63611043
GET /simple_get_with_body HTTP/1.1
Content-Length: 11
Body Identified
Hello World
Simple Get with Body Identified
{"task":"seed task info", "done": "false"}
looking at data
Data read
GET /redirect HTTP/1.1

REQUEST StringGET /redirect HTTP/1.1

REQUEST ARRAY[Ljava.lang.String;@20ca951f
GET /redirect HTTP/1.1
No Body Identified
Redirecting
{"task":"seed task info", "done": "false"}
looking at data
Data read
GET /xml_response HTTP/1.1

REQUEST StringGET /xml_response HTTP/1.1

REQUEST ARRAY[Ljava.lang.String;@2d778add
GET /xml_response HTTP/1.1
No Body Identified
{"task":"seed task info", "done": "false"}
looking at data
Data read
GET /head_request HTTP/1.1

REQUEST StringGET /head_request HTTP/1.1

REQUEST ARRAY[Ljava.lang.String;@73302995
GET /head_request HTTP/1.1
No Body Identified
Method not allowed!
{"task":"seed task info", "done": "false"}
looking at data
Data read
GET /html_response HTTP/1.1

REQUEST StringGET /html_response HTTP/1.1

REQUEST ARRAY[Ljava.lang.String;@6c2ed0cd
GET /html_response HTTP/1.1
No Body Identified
{"task":"seed task info", "done": "false"}
looking at data
Data read
GET /json_response HTTP/1.1

REQUEST StringGET /json_response HTTP/1.1

REQUEST ARRAY[Ljava.lang.String;@7d9e8ef7
GET /json_response HTTP/1.1
No Body Identified
{"task":"seed task info", "done": "false"}
looking at data
Data read
PUT /todo/1 HTTP/1.1
Content-Type: application/json
Connection: close
Host: 127.0.0.1:5000
User-Agent: http.rb/4.3.0
Content-Length: 26

{"task":"an updated task","done":"false"}
REQUEST StringPUT /todo/1 HTTP/1.1
Content-Type: application/json
Connection: close
Host: 127.0.0.1:5000
User-Agent: http.rb/4.3.0
Content-Length: 26

{"task":"an updated task","done":"false"}
REQUEST ARRAY[Ljava.lang.String;@f107c50
PUT /todo/1 HTTP/1.1
Content-Type: application/json
Connection: close
Host: 127.0.0.1:5000
User-Agent: http.rb/4.3.0
Content-Length: 26
Body Identified
{"task":"an updated task","done":"false"}
{"task":"an updated task","done":"false"}
{"task":"an updated task","done":"false"}
{"task":"an updated task","done":"false"}
{"task":"an updated task","done":false}
{"task":"an updated task","id":1,"done":false}
{"task":"seed task info", "done": "false"}
looking at data
Data read
POST /todo HTTP/1.1
Content-Type: application/json
Connection: close
Host: 127.0.0.1:5000
User-Agent: http.rb/4.3.0
Content-Length: 21

{"task":"a new task"}
REQUEST StringPOST /todo HTTP/1.1
Content-Type: application/json
Connection: close
Host: 127.0.0.1:5000
User-Agent: http.rb/4.3.0
Content-Length: 21

{"task":"a new task"}
REQUEST ARRAY[Ljava.lang.String;@60410cd
POST /todo HTTP/1.1
Content-Type: application/json
Connection: close
Host: 127.0.0.1:5000
User-Agent: http.rb/4.3.0
Content-Length: 21
Body Identified
{"task":"a new task"}
{"task":"a new task"}
{"task":"seed task info", "done": "false"}
looking at data
Data read
OPTIONS /method_options2 HTTP/1.1

REQUEST StringOPTIONS /method_options2 HTTP/1.1

REQUEST ARRAY[Ljava.lang.String;@38604b81
OPTIONS /method_options2 HTTP/1.1
No Body Identified
Simple Options to Method Options Identified
{"task":"seed task info", "done": "false"}
looking at data
Data read
POST /echo_body HTTP/1.1
Content-Length: 11

Hello World
REQUEST StringPOST /echo_body HTTP/1.1
Content-Length: 11

Hello World
REQUEST ARRAY[Ljava.lang.String;@3688eb5b
POST /echo_body HTTP/1.1
Content-Length: 11
Body Identified
Hello World
Simple Post identified
{"task":"seed task info", "done": "false"}
looking at data
Data read
GET /health-check.html HTTP/1.1

REQUEST StringGET /health-check.html HTTP/1.1

REQUEST ARRAY[Ljava.lang.String;@457c9034
GET /health-check.html HTTP/1.1
No Body Identified
{"task":"seed task info", "done": "false"}
looking at data
Data read
GET /resource_not_found HTTP/1.1

REQUEST StringGET /resource_not_found HTTP/1.1

REQUEST ARRAY[Ljava.lang.String;@345f69f3
GET /resource_not_found HTTP/1.1
No Body Identified
Resource not Found
{"task":"seed task info", "done": "false"}
looking at data
Data read
OPTIONS /method_options HTTP/1.1

REQUEST StringOPTIONS /method_options HTTP/1.1

REQUEST ARRAY[Ljava.lang.String;@1e8b7643
OPTIONS /method_options HTTP/1.1
No Body Identified
Simple Options to Method Options Identified
{"task":"seed task info", "done": "false"}
looking at data
Data read
GET /doggo.png HTTP/1.1

REQUEST StringGET /doggo.png HTTP/1.1

REQUEST ARRAY[Ljava.lang.String;@51549490
GET /doggo.png HTTP/1.1
No Body Identified
{"task":"seed task info", "done": "false"}
looking at data
Data read
GET /todo/1 HTTP/1.1

REQUEST StringGET /todo/1 HTTP/1.1

REQUEST ARRAY[Ljava.lang.String;@71e9ebae
GET /todo/1 HTTP/1.1
No Body Identified
{"task":"seed task info","done":false}
{"task":"seed task info","done":false}
looking at data
Data read
POST /todo HTTP/1.1
Content-Type: application/json
Connection: close
Host: 127.0.0.1:5000
User-Agent: http.rb/4.3.0
Content-Length: 21

{"task":"a new task"}
REQUEST StringPOST /todo HTTP/1.1
Content-Type: application/json
Connection: close
Host: 127.0.0.1:5000
User-Agent: http.rb/4.3.0
Content-Length: 21

{"task":"a new task"}
REQUEST ARRAY[Ljava.lang.String;@36a5cabc
POST /todo HTTP/1.1
Content-Type: application/json
Connection: close
Host: 127.0.0.1:5000
User-Agent: http.rb/4.3.0
Content-Length: 21
Body Identified
{"task":"a new task"}
{"task":"a new task"}
looking at data
Data read
DELETE /todo/1 HTTP/1.1
Connection: close
Host: 127.0.0.1:5000
User-Agent: http.rb/4.3.0


REQUEST StringDELETE /todo/1 HTTP/1.1
Connection: close
Host: 127.0.0.1:5000
User-Agent: http.rb/4.3.0


REQUEST ARRAY[Ljava.lang.String;@432038ec
DELETE /todo/1 HTTP/1.1
Connection: close
Host: 127.0.0.1:5000
User-Agent: http.rb/4.3.0
No Body Identified
{"task":"seed task info","done":false}
{"task":"seed task info", "done": "false"}
looking at data
Data read
GET /kitteh.jpg HTTP/1.1

REQUEST StringGET /kitteh.jpg HTTP/1.1

REQUEST ARRAY[Ljava.lang.String;@7daa0fbd
GET /kitteh.jpg HTTP/1.1
No Body Identified
{"task":"seed task info", "done": "false"}
looking at data
Data read
POST /todo HTTP/1.1
Content-Type: application/json
Connection: close
Host: 127.0.0.1:5000
User-Agent: http.rb/4.3.0
Content-Length: 21

{"task":"a persistent task"}
REQUEST StringPOST /todo HTTP/1.1
Content-Type: application/json
Connection: close
Host: 127.0.0.1:5000
User-Agent: http.rb/4.3.0
Content-Length: 21

{"task":"a persistent task"}
REQUEST ARRAY[Ljava.lang.String;@42530531
POST /todo HTTP/1.1
Content-Type: application/json
Connection: close
Host: 127.0.0.1:5000
User-Agent: http.rb/4.3.0
Content-Length: 21
Body Identified
{"task":"a persistent task"}
{"task":"a persistent task"}
{"task":"a persistent task","done":false}
]]></system-out>
  <system-err><![CDATA[org.postgresql.util.PSQLException: ERROR: relation "tasks" already exists
	at org.postgresql.core.v3.QueryExecutorImpl.receiveErrorResponse(QueryExecutorImpl.java:2674)
	at org.postgresql.core.v3.QueryExecutorImpl.processResults(QueryExecutorImpl.java:2364)
	at org.postgresql.core.v3.QueryExecutorImpl.execute(QueryExecutorImpl.java:354)
	at org.postgresql.jdbc.PgStatement.executeInternal(PgStatement.java:484)
	at org.postgresql.jdbc.PgStatement.execute(PgStatement.java:404)
	at org.postgresql.jdbc.PgPreparedStatement.executeWithFlags(PgPreparedStatement.java:162)
	at org.postgresql.jdbc.PgPreparedStatement.executeUpdate(PgPreparedStatement.java:130)
	at site.bmraubo.todo.PostgresSpy.seedDatabase(PostgresSpy.java:148)
	at TestFeatures.SimpleGetWithBodyTest(TestFeatures.java:47)
	at java.base/jdk.internal.reflect.NativeMethodAccessorImpl.invoke0(Native Method)
	at java.base/jdk.internal.reflect.NativeMethodAccessorImpl.invoke(NativeMethodAccessorImpl.java:77)
	at java.base/jdk.internal.reflect.DelegatingMethodAccessorImpl.invoke(DelegatingMethodAccessorImpl.java:43)
	at java.base/java.lang.reflect.Method.invoke(Method.java:568)
	at org.junit.platform.commons.util.ReflectionUtils.invokeMethod(ReflectionUtils.java:688)
	at org.junit.jupiter.engine.execution.MethodInvocation.proceed(MethodInvocation.java:60)
	at org.junit.jupiter.engine.execution.InvocationInterceptorChain$ValidatingInvocation.proceed(InvocationInterceptorChain.java:131)
	at org.junit.jupiter.engine.extension.TimeoutExtension.intercept(TimeoutExtension.java:149)
	at org.junit.jupiter.engine.extension.TimeoutExtension.interceptTestableMethod(TimeoutExtension.java:140)
	at org.junit.jupiter.engine.extension.TimeoutExtension.interceptTestMethod(TimeoutExtension.java:84)
	at org.junit.jupiter.engine.execution.ExecutableInvoker$ReflectiveInterceptorCall.lambda$ofVoidMethod$0(ExecutableInvoker.java:115)
	at org.junit.jupiter.engine.execution.ExecutableInvoker.lambda$invoke$0(ExecutableInvoker.java:105)
	at org.junit.jupiter.engine.execution.InvocationInterceptorChain$InterceptedInvocation.proceed(InvocationInterceptorChain.java:106)
	at org.junit.jupiter.engine.execution.InvocationInterceptorChain.proceed(InvocationInterceptorChain.java:64)
	at org.junit.jupiter.engine.execution.InvocationInterceptorChain.chainAndInvoke(InvocationInterceptorChain.java:45)
	at org.junit.jupiter.engine.execution.InvocationInterceptorChain.invoke(InvocationInterceptorChain.java:37)
	at org.junit.jupiter.engine.execution.ExecutableInvoker.invoke(ExecutableInvoker.java:104)
	at org.junit.jupiter.engine.execution.ExecutableInvoker.invoke(ExecutableInvoker.java:98)
	at org.junit.jupiter.engine.descriptor.TestMethodTestDescriptor.lambda$invokeTestMethod$6(TestMethodTestDescriptor.java:210)
	at org.junit.platform.engine.support.hierarchical.ThrowableCollector.execute(ThrowableCollector.java:73)
	at org.junit.jupiter.engine.descriptor.TestMethodTestDescriptor.invokeTestMethod(TestMethodTestDescriptor.java:206)
	at org.junit.jupiter.engine.descriptor.TestMethodTestDescriptor.execute(TestMethodTestDescriptor.java:131)
	at org.junit.jupiter.engine.descriptor.TestMethodTestDescriptor.execute(TestMethodTestDescriptor.java:65)
	at org.junit.platform.engine.support.hierarchical.NodeTestTask.lambda$executeRecursively$5(NodeTestTask.java:139)
	at org.junit.platform.engine.support.hierarchical.ThrowableCollector.execute(ThrowableCollector.java:73)
	at org.junit.platform.engine.support.hierarchical.NodeTestTask.lambda$executeRecursively$7(NodeTestTask.java:129)
	at org.junit.platform.engine.support.hierarchical.Node.around(Node.java:137)
	at org.junit.platform.engine.support.hierarchical.NodeTestTask.lambda$executeRecursively$8(NodeTestTask.java:127)
	at org.junit.platform.engine.support.hierarchical.ThrowableCollector.execute(ThrowableCollector.java:73)
	at org.junit.platform.engine.support.hierarchical.NodeTestTask.executeRecursively(NodeTestTask.java:126)
	at org.junit.platform.engine.support.hierarchical.NodeTestTask.execute(NodeTestTask.java:84)
	at java.base/java.util.ArrayList.forEach(ArrayList.java:1511)
	at org.junit.platform.engine.support.hierarchical.SameThreadHierarchicalTestExecutorService.invokeAll(SameThreadHierarchicalTestExecutorService.java:38)
	at org.junit.platform.engine.support.hierarchical.NodeTestTask.lambda$executeRecursively$5(NodeTestTask.java:143)
	at org.junit.platform.engine.support.hierarchical.ThrowableCollector.execute(ThrowableCollector.java:73)
	at org.junit.platform.engine.support.hierarchical.NodeTestTask.lambda$executeRecursively$7(NodeTestTask.java:129)
	at org.junit.platform.engine.support.hierarchical.Node.around(Node.java:137)
	at org.junit.platform.engine.support.hierarchical.NodeTestTask.lambda$executeRecursively$8(NodeTestTask.java:127)
	at org.junit.platform.engine.support.hierarchical.ThrowableCollector.execute(ThrowableCollector.java:73)
	at org.junit.platform.engine.support.hierarchical.NodeTestTask.executeRecursively(NodeTestTask.java:126)
	at org.junit.platform.engine.support.hierarchical.NodeTestTask.execute(NodeTestTask.java:84)
	at java.base/java.util.ArrayList.forEach(ArrayList.java:1511)
	at org.junit.platform.engine.support.hierarchical.SameThreadHierarchicalTestExecutorService.invokeAll(SameThreadHierarchicalTestExecutorService.java:38)
	at org.junit.platform.engine.support.hierarchical.NodeTestTask.lambda$executeRecursively$5(NodeTestTask.java:143)
	at org.junit.platform.engine.support.hierarchical.ThrowableCollector.execute(ThrowableCollector.java:73)
	at org.junit.platform.engine.support.hierarchical.NodeTestTask.lambda$executeRecursively$7(NodeTestTask.java:129)
	at org.junit.platform.engine.support.hierarchical.Node.around(Node.java:137)
	at org.junit.platform.engine.support.hierarchical.NodeTestTask.lambda$executeRecursively$8(NodeTestTask.java:127)
	at org.junit.platform.engine.support.hierarchical.ThrowableCollector.execute(ThrowableCollector.java:73)
	at org.junit.platform.engine.support.hierarchical.NodeTestTask.executeRecursively(NodeTestTask.java:126)
	at org.junit.platform.engine.support.hierarchical.NodeTestTask.execute(NodeTestTask.java:84)
	at org.junit.platform.engine.support.hierarchical.SameThreadHierarchicalTestExecutorService.submit(SameThreadHierarchicalTestExecutorService.java:32)
	at org.junit.platform.engine.support.hierarchical.HierarchicalTestExecutor.execute(HierarchicalTestExecutor.java:57)
	at org.junit.platform.engine.support.hierarchical.HierarchicalTestEngine.execute(HierarchicalTestEngine.java:51)
	at org.junit.platform.launcher.core.EngineExecutionOrchestrator.execute(EngineExecutionOrchestrator.java:108)
	at org.junit.platform.launcher.core.EngineExecutionOrchestrator.execute(EngineExecutionOrchestrator.java:88)
	at org.junit.platform.launcher.core.EngineExecutionOrchestrator.lambda$execute$0(EngineExecutionOrchestrator.java:54)
	at org.junit.platform.launcher.core.EngineExecutionOrchestrator.withInterceptedStreams(EngineExecutionOrchestrator.java:67)
	at org.junit.platform.launcher.core.EngineExecutionOrchestrator.execute(EngineExecutionOrchestrator.java:52)
	at org.junit.platform.launcher.core.DefaultLauncher.execute(DefaultLauncher.java:96)
	at org.junit.platform.launcher.core.DefaultLauncher.execute(DefaultLauncher.java:75)
	at org.gradle.api.internal.tasks.testing.junitplatform.JUnitPlatformTestClassProcessor$CollectAllTestClassesExecutor.processAllTestClasses(JUnitPlatformTestClassProcessor.java:99)
	at org.gradle.api.internal.tasks.testing.junitplatform.JUnitPlatformTestClassProcessor$CollectAllTestClassesExecutor.access$000(JUnitPlatformTestClassProcessor.java:79)
	at org.gradle.api.internal.tasks.testing.junitplatform.JUnitPlatformTestClassProcessor.stop(JUnitPlatformTestClassProcessor.java:75)
	at org.gradle.api.internal.tasks.testing.SuiteTestClassProcessor.stop(SuiteTestClassProcessor.java:61)
	at java.base/jdk.internal.reflect.NativeMethodAccessorImpl.invoke0(Native Method)
	at java.base/jdk.internal.reflect.NativeMethodAccessorImpl.invoke(NativeMethodAccessorImpl.java:77)
	at java.base/jdk.internal.reflect.DelegatingMethodAccessorImpl.invoke(DelegatingMethodAccessorImpl.java:43)
	at java.base/java.lang.reflect.Method.invoke(Method.java:568)
	at org.gradle.internal.dispatch.ReflectionDispatch.dispatch(ReflectionDispatch.java:36)
	at org.gradle.internal.dispatch.ReflectionDispatch.dispatch(ReflectionDispatch.java:24)
	at org.gradle.internal.dispatch.ContextClassLoaderDispatch.dispatch(ContextClassLoaderDispatch.java:33)
	at org.gradle.internal.dispatch.ProxyDispatchAdapter$DispatchingInvocationHandler.invoke(ProxyDispatchAdapter.java:94)
	at jdk.proxy1/jdk.proxy1.$Proxy2.stop(Unknown Source)
	at org.gradle.api.internal.tasks.testing.worker.TestWorker$3.run(TestWorker.java:193)
	at org.gradle.api.internal.tasks.testing.worker.TestWorker.executeAndMaintainThreadName(TestWorker.java:129)
	at org.gradle.api.internal.tasks.testing.worker.TestWorker.execute(TestWorker.java:100)
	at org.gradle.api.internal.tasks.testing.worker.TestWorker.execute(TestWorker.java:60)
	at org.gradle.process.internal.worker.child.ActionExecutionWorker.execute(ActionExecutionWorker.java:56)
	at org.gradle.process.internal.worker.child.SystemApplicationClassLoaderWorker.call(SystemApplicationClassLoaderWorker.java:133)
	at org.gradle.process.internal.worker.child.SystemApplicationClassLoaderWorker.call(SystemApplicationClassLoaderWorker.java:71)
	at worker.org.gradle.process.internal.worker.GradleWorkerMain.run(GradleWorkerMain.java:69)
	at worker.org.gradle.process.internal.worker.GradleWorkerMain.main(GradleWorkerMain.java:74)
org.postgresql.util.PSQLException: ERROR: relation "tasks" already exists
	at org.postgresql.core.v3.QueryExecutorImpl.receiveErrorResponse(QueryExecutorImpl.java:2674)
	at org.postgresql.core.v3.QueryExecutorImpl.processResults(QueryExecutorImpl.java:2364)
	at org.postgresql.core.v3.QueryExecutorImpl.execute(QueryExecutorImpl.java:354)
	at org.postgresql.jdbc.PgStatement.executeInternal(PgStatement.java:484)
	at org.postgresql.jdbc.PgStatement.execute(PgStatement.java:404)
	at org.postgresql.jdbc.PgPreparedStatement.executeWithFlags(PgPreparedStatement.java:162)
	at org.postgresql.jdbc.PgPreparedStatement.executeUpdate(PgPreparedStatement.java:130)
	at site.bmraubo.todo.PostgresSpy.seedDatabase(PostgresSpy.java:148)
	at TestFeatures.deleteTaskTest(TestFeatures.java:526)
	at java.base/jdk.internal.reflect.NativeMethodAccessorImpl.invoke0(Native Method)
	at java.base/jdk.internal.reflect.NativeMethodAccessorImpl.invoke(NativeMethodAccessorImpl.java:77)
	at java.base/jdk.internal.reflect.DelegatingMethodAccessorImpl.invoke(DelegatingMethodAccessorImpl.java:43)
	at java.base/java.lang.reflect.Method.invoke(Method.java:568)
	at org.junit.platform.commons.util.ReflectionUtils.invokeMethod(ReflectionUtils.java:688)
	at org.junit.jupiter.engine.execution.MethodInvocation.proceed(MethodInvocation.java:60)
	at org.junit.jupiter.engine.execution.InvocationInterceptorChain$ValidatingInvocation.proceed(InvocationInterceptorChain.java:131)
	at org.junit.jupiter.engine.extension.TimeoutExtension.intercept(TimeoutExtension.java:149)
	at org.junit.jupiter.engine.extension.TimeoutExtension.interceptTestableMethod(TimeoutExtension.java:140)
	at org.junit.jupiter.engine.extension.TimeoutExtension.interceptTestMethod(TimeoutExtension.java:84)
	at org.junit.jupiter.engine.execution.ExecutableInvoker$ReflectiveInterceptorCall.lambda$ofVoidMethod$0(ExecutableInvoker.java:115)
	at org.junit.jupiter.engine.execution.ExecutableInvoker.lambda$invoke$0(ExecutableInvoker.java:105)
	at org.junit.jupiter.engine.execution.InvocationInterceptorChain$InterceptedInvocation.proceed(InvocationInterceptorChain.java:106)
	at org.junit.jupiter.engine.execution.InvocationInterceptorChain.proceed(InvocationInterceptorChain.java:64)
	at org.junit.jupiter.engine.execution.InvocationInterceptorChain.chainAndInvoke(InvocationInterceptorChain.java:45)
	at org.junit.jupiter.engine.execution.InvocationInterceptorChain.invoke(InvocationInterceptorChain.java:37)
	at org.junit.jupiter.engine.execution.ExecutableInvoker.invoke(ExecutableInvoker.java:104)
	at org.junit.jupiter.engine.execution.ExecutableInvoker.invoke(ExecutableInvoker.java:98)
	at org.junit.jupiter.engine.descriptor.TestMethodTestDescriptor.lambda$invokeTestMethod$6(TestMethodTestDescriptor.java:210)
	at org.junit.platform.engine.support.hierarchical.ThrowableCollector.execute(ThrowableCollector.java:73)
	at org.junit.jupiter.engine.descriptor.TestMethodTestDescriptor.invokeTestMethod(TestMethodTestDescriptor.java:206)
	at org.junit.jupiter.engine.descriptor.TestMethodTestDescriptor.execute(TestMethodTestDescriptor.java:131)
	at org.junit.jupiter.engine.descriptor.TestMethodTestDescriptor.execute(TestMethodTestDescriptor.java:65)
	at org.junit.platform.engine.support.hierarchical.NodeTestTask.lambda$executeRecursively$5(NodeTestTask.java:139)
	at org.junit.platform.engine.support.hierarchical.ThrowableCollector.execute(ThrowableCollector.java:73)
	at org.junit.platform.engine.support.hierarchical.NodeTestTask.lambda$executeRecursively$7(NodeTestTask.java:129)
	at org.junit.platform.engine.support.hierarchical.Node.around(Node.java:137)
	at org.junit.platform.engine.support.hierarchical.NodeTestTask.lambda$executeRecursively$8(NodeTestTask.java:127)
	at org.junit.platform.engine.support.hierarchical.ThrowableCollector.execute(ThrowableCollector.java:73)
	at org.junit.platform.engine.support.hierarchical.NodeTestTask.executeRecursively(NodeTestTask.java:126)
	at org.junit.platform.engine.support.hierarchical.NodeTestTask.execute(NodeTestTask.java:84)
	at java.base/java.util.ArrayList.forEach(ArrayList.java:1511)
	at org.junit.platform.engine.support.hierarchical.SameThreadHierarchicalTestExecutorService.invokeAll(SameThreadHierarchicalTestExecutorService.java:38)
	at org.junit.platform.engine.support.hierarchical.NodeTestTask.lambda$executeRecursively$5(NodeTestTask.java:143)
	at org.junit.platform.engine.support.hierarchical.ThrowableCollector.execute(ThrowableCollector.java:73)
	at org.junit.platform.engine.support.hierarchical.NodeTestTask.lambda$executeRecursively$7(NodeTestTask.java:129)
	at org.junit.platform.engine.support.hierarchical.Node.around(Node.java:137)
	at org.junit.platform.engine.support.hierarchical.NodeTestTask.lambda$executeRecursively$8(NodeTestTask.java:127)
	at org.junit.platform.engine.support.hierarchical.ThrowableCollector.execute(ThrowableCollector.java:73)
	at org.junit.platform.engine.support.hierarchical.NodeTestTask.executeRecursively(NodeTestTask.java:126)
	at org.junit.platform.engine.support.hierarchical.NodeTestTask.execute(NodeTestTask.java:84)
	at java.base/java.util.ArrayList.forEach(ArrayList.java:1511)
	at org.junit.platform.engine.support.hierarchical.SameThreadHierarchicalTestExecutorService.invokeAll(SameThreadHierarchicalTestExecutorService.java:38)
	at org.junit.platform.engine.support.hierarchical.NodeTestTask.lambda$executeRecursively$5(NodeTestTask.java:143)
	at org.junit.platform.engine.support.hierarchical.ThrowableCollector.execute(ThrowableCollector.java:73)
	at org.junit.platform.engine.support.hierarchical.NodeTestTask.lambda$executeRecursively$7(NodeTestTask.java:129)
	at org.junit.platform.engine.support.hierarchical.Node.around(Node.java:137)
	at org.junit.platform.engine.support.hierarchical.NodeTestTask.lambda$executeRecursively$8(NodeTestTask.java:127)
	at org.junit.platform.engine.support.hierarchical.ThrowableCollector.execute(ThrowableCollector.java:73)
	at org.junit.platform.engine.support.hierarchical.NodeTestTask.executeRecursively(NodeTestTask.java:126)
	at org.junit.platform.engine.support.hierarchical.NodeTestTask.execute(NodeTestTask.java:84)
	at org.junit.platform.engine.support.hierarchical.SameThreadHierarchicalTestExecutorService.submit(SameThreadHierarchicalTestExecutorService.java:32)
	at org.junit.platform.engine.support.hierarchical.HierarchicalTestExecutor.execute(HierarchicalTestExecutor.java:57)
	at org.junit.platform.engine.support.hierarchical.HierarchicalTestEngine.execute(HierarchicalTestEngine.java:51)
	at org.junit.platform.launcher.core.EngineExecutionOrchestrator.execute(EngineExecutionOrchestrator.java:108)
	at org.junit.platform.launcher.core.EngineExecutionOrchestrator.execute(EngineExecutionOrchestrator.java:88)
	at org.junit.platform.launcher.core.EngineExecutionOrchestrator.lambda$execute$0(EngineExecutionOrchestrator.java:54)
	at org.junit.platform.launcher.core.EngineExecutionOrchestrator.withInterceptedStreams(EngineExecutionOrchestrator.java:67)
	at org.junit.platform.launcher.core.EngineExecutionOrchestrator.execute(EngineExecutionOrchestrator.java:52)
	at org.junit.platform.launcher.core.DefaultLauncher.execute(DefaultLauncher.java:96)
	at org.junit.platform.launcher.core.DefaultLauncher.execute(DefaultLauncher.java:75)
	at org.gradle.api.internal.tasks.testing.junitplatform.JUnitPlatformTestClassProcessor$CollectAllTestClassesExecutor.processAllTestClasses(JUnitPlatformTestClassProcessor.java:99)
	at org.gradle.api.internal.tasks.testing.junitplatform.JUnitPlatformTestClassProcessor$CollectAllTestClassesExecutor.access$000(JUnitPlatformTestClassProcessor.java:79)
	at org.gradle.api.internal.tasks.testing.junitplatform.JUnitPlatformTestClassProcessor.stop(JUnitPlatformTestClassProcessor.java:75)
	at org.gradle.api.internal.tasks.testing.SuiteTestClassProcessor.stop(SuiteTestClassProcessor.java:61)
	at java.base/jdk.internal.reflect.NativeMethodAccessorImpl.invoke0(Native Method)
	at java.base/jdk.internal.reflect.NativeMethodAccessorImpl.invoke(NativeMethodAccessorImpl.java:77)
	at java.base/jdk.internal.reflect.DelegatingMethodAccessorImpl.invoke(DelegatingMethodAccessorImpl.java:43)
	at java.base/java.lang.reflect.Method.invoke(Method.java:568)
	at org.gradle.internal.dispatch.ReflectionDispatch.dispatch(ReflectionDispatch.java:36)
	at org.gradle.internal.dispatch.ReflectionDispatch.dispatch(ReflectionDispatch.java:24)
	at org.gradle.internal.dispatch.ContextClassLoaderDispatch.dispatch(ContextClassLoaderDispatch.java:33)
	at org.gradle.internal.dispatch.ProxyDispatchAdapter$DispatchingInvocationHandler.invoke(ProxyDispatchAdapter.java:94)
	at jdk.proxy1/jdk.proxy1.$Proxy2.stop(Unknown Source)
	at org.gradle.api.internal.tasks.testing.worker.TestWorker$3.run(TestWorker.java:193)
	at org.gradle.api.internal.tasks.testing.worker.TestWorker.executeAndMaintainThreadName(TestWorker.java:129)
	at org.gradle.api.internal.tasks.testing.worker.TestWorker.execute(TestWorker.java:100)
	at org.gradle.api.internal.tasks.testing.worker.TestWorker.execute(TestWorker.java:60)
	at org.gradle.process.internal.worker.child.ActionExecutionWorker.execute(ActionExecutionWorker.java:56)
	at org.gradle.process.internal.worker.child.SystemApplicationClassLoaderWorker.call(SystemApplicationClassLoaderWorker.java:133)
	at org.gradle.process.internal.worker.child.SystemApplicationClassLoaderWorker.call(SystemApplicationClassLoaderWorker.java:71)
	at worker.org.gradle.process.internal.worker.GradleWorkerMain.run(GradleWorkerMain.java:69)
	at worker.org.gradle.process.internal.worker.GradleWorkerMain.main(GradleWorkerMain.java:74)
]]></system-err>
</testsuite>
